<?xml version="1.0" encoding="UTF-8"?>
<testng-results skipped="0" failed="0" ignored="0" total="1" passed="1">
  <reporter-output>
  </reporter-output>
  <suite name="mavenProject.GoogleTest" duration-ms="15349" started-at="2019-03-07T10:00:02Z" finished-at="2019-03-07T10:00:18Z">
    <groups>
    </groups>
    <test name="Command line test" duration-ms="15349" started-at="2019-03-07T10:00:02Z" finished-at="2019-03-07T10:00:18Z">
      <class name="mavenProject.GoogleTest">
        <test-method status="PASS" signature="LaunchAppTest()[pri:0, instance:mavenProject.GoogleTest@7a79be86]" name="LaunchAppTest" is-config="true" duration-ms="14119" started-at="2019-03-07T15:30:02Z" finished-at="2019-03-07T15:30:17Z">
          <reporter-output>
          </reporter-output>
        </test-method> <!-- LaunchAppTest -->
        <test-method status="PASS" signature="LaunchTest()[pri:0, instance:mavenProject.GoogleTest@7a79be86]" name="LaunchTest" duration-ms="18" started-at="2019-03-07T15:30:17Z" finished-at="2019-03-07T15:30:17Z">
          <reporter-output>
          </reporter-output>
        </test-method> <!-- LaunchTest -->
        <test-method status="PASS" signature="BrowserCloseTest()[pri:0, instance:mavenProject.GoogleTest@7a79be86]" name="BrowserCloseTest" is-config="true" duration-ms="1184" started-at="2019-03-07T15:30:17Z" finished-at="2019-03-07T15:30:18Z">
          <reporter-output>
          </reporter-output>
        </test-method> <!-- BrowserCloseTest -->
      </class> <!-- mavenProject.GoogleTest -->
    </test> <!-- Command line test -->
  </suite> <!-- mavenProject.GoogleTest -->
</testng-results>
