<?xml version="1.0" encoding="UTF-8"?>
<testng-results skipped="0" failed="0" ignored="0" total="1" passed="1">
  <reporter-output>
  </reporter-output>
  <suite name="Default suite" duration-ms="15453" started-at="2019-03-07T09:53:53Z" finished-at="2019-03-07T09:54:08Z">
    <groups>
    </groups>
    <test name="Default test" duration-ms="15453" started-at="2019-03-07T09:53:53Z" finished-at="2019-03-07T09:54:08Z">
      <class name="mavenProject.Google">
        <test-method status="PASS" signature="LaunchAppTest()[pri:0, instance:mavenProject.Google@d2cc05a]" name="LaunchAppTest" is-config="true" duration-ms="13961" started-at="2019-03-07T15:23:53Z" finished-at="2019-03-07T15:24:07Z">
          <reporter-output>
          </reporter-output>
        </test-method> <!-- LaunchAppTest -->
        <test-method status="PASS" signature="LaunchTest()[pri:0, instance:mavenProject.Google@d2cc05a]" name="LaunchTest" duration-ms="326" started-at="2019-03-07T15:24:07Z" finished-at="2019-03-07T15:24:07Z">
          <reporter-output>
          </reporter-output>
        </test-method> <!-- LaunchTest -->
        <test-method status="PASS" signature="BrowserCloseTest()[pri:0, instance:mavenProject.Google@d2cc05a]" name="BrowserCloseTest" is-config="true" duration-ms="1125" started-at="2019-03-07T15:24:07Z" finished-at="2019-03-07T15:24:08Z">
          <reporter-output>
          </reporter-output>
        </test-method> <!-- BrowserCloseTest -->
      </class> <!-- mavenProject.Google -->
    </test> <!-- Default test -->
  </suite> <!-- Default suite -->
</testng-results>
